CRITICAL - 2024-01-23 23:21:47 --> Invalid file: home/login.php
#0 C:\xampp\htdocs\gallery-master\system\View\View.php(198): CodeIgniter\Exceptions\FrameworkException::forInvalidFile('home/login.php')
#1 C:\xampp\htdocs\gallery-master\system\Common.php(1089): CodeIgniter\View\View->render('home/login', Array, true)
#2 C:\xampp\htdocs\gallery-master\app\Controllers\Home.php(26): view('home/login')
#3 C:\xampp\htdocs\gallery-master\system\CodeIgniter.php(832): App\Controllers\Home->index()
#4 C:\xampp\htdocs\gallery-master\system\CodeIgniter.php(419): CodeIgniter\CodeIgniter->runController(Object(App\Controllers\Home))
#5 C:\xampp\htdocs\gallery-master\system\CodeIgniter.php(326): CodeIgniter\CodeIgniter->handleRequest(NULL, Object(Config\Cache), false)
#6 C:\xampp\htdocs\gallery-master\public\index.php(37): CodeIgniter\CodeIgniter->run()
#7 C:\xampp\htdocs\gallery-master\system\Commands\Server\rewrite.php(43): require_once('C:\\xampp\\htdocs...')
#8 {main}
ERROR - 2024-01-23 23:23:12 --> Error connecting to the database: Unknown database 'foto'
CRITICAL - 2024-01-23 23:23:12 --> Unable to connect to the database.
Main connection [MySQLi]: Unknown database 'foto'
#0 C:\xampp\htdocs\gallery-master\system\Database\BaseConnection.php(577): CodeIgniter\Database\BaseConnection->initialize()
#1 C:\xampp\htdocs\gallery-master\system\Database\BaseBuilder.php(1588): CodeIgniter\Database\BaseConnection->query('SELECT *\nFROM `...', Array, false)
#2 C:\xampp\htdocs\gallery-master\app\Models\M_model.php(76): CodeIgniter\Database\BaseBuilder->getWhere(Array)
#3 C:\xampp\htdocs\gallery-master\app\Controllers\Home.php(44): App\Models\M_model->getWhere2('user', Array)
#4 C:\xampp\htdocs\gallery-master\system\CodeIgniter.php(832): App\Controllers\Home->proses_login()
#5 C:\xampp\htdocs\gallery-master\system\CodeIgniter.php(419): CodeIgniter\CodeIgniter->runController(Object(App\Controllers\Home))
#6 C:\xampp\htdocs\gallery-master\system\CodeIgniter.php(326): CodeIgniter\CodeIgniter->handleRequest(NULL, Object(Config\Cache), false)
#7 C:\xampp\htdocs\gallery-master\public\index.php(37): CodeIgniter\CodeIgniter->run()
#8 C:\xampp\htdocs\gallery-master\system\Commands\Server\rewrite.php(43): require_once('C:\\xampp\\htdocs...')
#9 {main}
