ERROR - 2023-07-23 21:19:39 --> Error connecting to the database: Access denied for user ''@'localhost' (using password: NO)
CRITICAL - 2023-07-23 21:19:39 --> Unable to connect to the database.
Main connection [MySQLi]: Access denied for user ''@'localhost' (using password: NO)
#0 C:\xampp\htdocs\foto\system\Database\BaseConnection.php(577): CodeIgniter\Database\BaseConnection->initialize()
#1 C:\xampp\htdocs\foto\system\Database\BaseBuilder.php(1588): CodeIgniter\Database\BaseConnection->query('SELECT *\nFROM `...', Array, false)
#2 C:\xampp\htdocs\foto\app\Models\M_model.php(76): CodeIgniter\Database\BaseBuilder->getWhere(Array)
#3 C:\xampp\htdocs\foto\app\Controllers\Home.php(41): App\Models\M_model->getWhere2('user', Array)
#4 C:\xampp\htdocs\foto\system\CodeIgniter.php(832): App\Controllers\Home->proses_login()
#5 C:\xampp\htdocs\foto\system\CodeIgniter.php(419): CodeIgniter\CodeIgniter->runController(Object(App\Controllers\Home))
#6 C:\xampp\htdocs\foto\system\CodeIgniter.php(326): CodeIgniter\CodeIgniter->handleRequest(NULL, Object(Config\Cache), false)
#7 C:\xampp\htdocs\foto\public\index.php(37): CodeIgniter\CodeIgniter->run()
#8 C:\xampp\htdocs\foto\system\Commands\Server\rewrite.php(43): require_once('C:\\xampp\\htdocs...')
#9 {main}
CRITICAL - 2023-07-23 21:21:43 --> Invalid file: dahsboard.php
#0 C:\xampp\htdocs\foto\system\View\View.php(198): CodeIgniter\Exceptions\FrameworkException::forInvalidFile('dahsboard.php')
#1 C:\xampp\htdocs\foto\system\Common.php(1089): CodeIgniter\View\View->render('dahsboard', Array, true)
#2 C:\xampp\htdocs\foto\app\Controllers\Home.php(54): view('dahsboard')
#3 C:\xampp\htdocs\foto\system\CodeIgniter.php(832): App\Controllers\Home->dashboard()
#4 C:\xampp\htdocs\foto\system\CodeIgniter.php(419): CodeIgniter\CodeIgniter->runController(Object(App\Controllers\Home))
#5 C:\xampp\htdocs\foto\system\CodeIgniter.php(326): CodeIgniter\CodeIgniter->handleRequest(NULL, Object(Config\Cache), false)
#6 C:\xampp\htdocs\foto\public\index.php(37): CodeIgniter\CodeIgniter->run()
#7 C:\xampp\htdocs\foto\system\Commands\Server\rewrite.php(43): require_once('C:\\xampp\\htdocs...')
#8 {main}
CRITICAL - 2023-07-23 21:21:43 --> Invalid file: dahsboard.php
#0 C:\xampp\htdocs\foto\system\View\View.php(198): CodeIgniter\Exceptions\FrameworkException::forInvalidFile('dahsboard.php')
#1 C:\xampp\htdocs\foto\system\Common.php(1089): CodeIgniter\View\View->render('dahsboard', Array, true)
#2 C:\xampp\htdocs\foto\app\Controllers\Home.php(54): view('dahsboard')
#3 C:\xampp\htdocs\foto\system\CodeIgniter.php(832): App\Controllers\Home->dashboard()
#4 C:\xampp\htdocs\foto\system\CodeIgniter.php(419): CodeIgniter\CodeIgniter->runController(Object(App\Controllers\Home))
#5 C:\xampp\htdocs\foto\system\CodeIgniter.php(326): CodeIgniter\CodeIgniter->handleRequest(NULL, Object(Config\Cache), false)
#6 C:\xampp\htdocs\foto\public\index.php(37): CodeIgniter\CodeIgniter->run()
#7 C:\xampp\htdocs\foto\system\Commands\Server\rewrite.php(43): require_once('C:\\xampp\\htdocs...')
#8 {main}
